{"C:\\Users\\Lenovo\\Documents\\hapicrud\\config\\index.js": {"path":"C:\\Users\\Lenovo\\Documents\\hapicrud\\config\\index.js","statementMap":{"0":{"start":{"line":2,"column":20},"end":{"line":2,"column":44}},"1":{"start":{"line":4,"column":0},"end":{"line":11,"column":1}},"2":{"start":{"line":5,"column":2},"end":{"line":5,"column":38}},"3":{"start":{"line":7,"column":2},"end":{"line":9,"column":3}},"4":{"start":{"line":8,"column":4},"end":{"line":8,"column":65}},"5":{"start":{"line":10,"column":2},"end":{"line":10,"column":10}},"6":{"start":{"line":12,"column":0},"end":{"line":12,"column":23}}},"fnMap":{},"branchMap":{"0":{"loc":{"start":{"line":7,"column":2},"end":{"line":9,"column":3}},"type":"if","locations":[{"start":{"line":7,"column":2},"end":{"line":9,"column":3}},{"start":{},"end":{}}],"line":7}},"s":{"0":1,"1":1,"2":1,"3":0,"4":0,"5":0,"6":1},"f":{},"b":{"0":[0,0]},"_coverageSchema":"1a1c01bbd47fc00a2c39e90264f33305004495a9","hash":"f7dbc988ebbc8cb04babb3f639e7d21cdc60d943"}
,"C:\\Users\\Lenovo\\Documents\\hapicrud\\config\\web.js": {"path":"C:\\Users\\Lenovo\\Documents\\hapicrud\\config\\web.js","statementMap":{"0":{"start":{"line":1,"column":16},"end":{"line":1,"column":47}},"1":{"start":{"line":2,"column":15},"end":{"line":2,"column":45}},"2":{"start":{"line":3,"column":14},"end":{"line":3,"column":43}},"3":{"start":{"line":5,"column":0},"end":{"line":5,"column":58}}},"fnMap":{},"branchMap":{},"s":{"0":1,"1":1,"2":1,"3":1},"f":{},"b":{},"_coverageSchema":"1a1c01bbd47fc00a2c39e90264f33305004495a9","hash":"805dfd7d890aea90eb1fa4dfb9a46183397c287b"}
,"C:\\Users\\Lenovo\\Documents\\hapicrud\\config\\components\\mongodb.js": {"path":"C:\\Users\\Lenovo\\Documents\\hapicrud\\config\\components\\mongodb.js","statementMap":{"0":{"start":{"line":2,"column":12},"end":{"line":2,"column":26}},"1":{"start":{"line":3,"column":20},"end":{"line":8,"column":13}},"2":{"start":{"line":10,"column":34},"end":{"line":10,"column":67}},"3":{"start":{"line":11,"column":0},"end":{"line":11,"column":70}},"4":{"start":{"line":11,"column":11},"end":{"line":11,"column":70}},"5":{"start":{"line":13,"column":15},"end":{"line":18,"column":1}},"6":{"start":{"line":20,"column":0},"end":{"line":20,"column":23}}},"fnMap":{},"branchMap":{"0":{"loc":{"start":{"line":11,"column":0},"end":{"line":11,"column":70}},"type":"if","locations":[{"start":{"line":11,"column":0},"end":{"line":11,"column":70}},{"start":{},"end":{}}],"line":11}},"s":{"0":1,"1":1,"2":1,"3":1,"4":0,"5":1,"6":1},"f":{},"b":{"0":[0,1]},"_coverageSchema":"1a1c01bbd47fc00a2c39e90264f33305004495a9","hash":"587ee292d324d03f3974cb2d6ac79a06382dd254"}
,"C:\\Users\\Lenovo\\Documents\\hapicrud\\config\\components\\redis.js": {"path":"C:\\Users\\Lenovo\\Documents\\hapicrud\\config\\components\\redis.js","statementMap":{"0":{"start":{"line":2,"column":12},"end":{"line":2,"column":26}},"1":{"start":{"line":3,"column":20},"end":{"line":7,"column":13}},"2":{"start":{"line":8,"column":34},"end":{"line":8,"column":67}},"3":{"start":{"line":9,"column":0},"end":{"line":9,"column":71}},"4":{"start":{"line":9,"column":11},"end":{"line":9,"column":71}},"5":{"start":{"line":11,"column":15},"end":{"line":15,"column":1}},"6":{"start":{"line":17,"column":0},"end":{"line":17,"column":23}}},"fnMap":{},"branchMap":{"0":{"loc":{"start":{"line":9,"column":0},"end":{"line":9,"column":71}},"type":"if","locations":[{"start":{"line":9,"column":0},"end":{"line":9,"column":71}},{"start":{},"end":{}}],"line":9}},"s":{"0":1,"1":1,"2":1,"3":1,"4":0,"5":1,"6":1},"f":{},"b":{"0":[0,1]},"_coverageSchema":"1a1c01bbd47fc00a2c39e90264f33305004495a9","hash":"49313fb1043a91249133ff63c339fcaf3249fd23"}
,"C:\\Users\\Lenovo\\Documents\\hapicrud\\config\\components\\server.js": {"path":"C:\\Users\\Lenovo\\Documents\\hapicrud\\config\\components\\server.js","statementMap":{"0":{"start":{"line":2,"column":12},"end":{"line":2,"column":26}},"1":{"start":{"line":3,"column":20},"end":{"line":10,"column":13}},"2":{"start":{"line":12,"column":34},"end":{"line":12,"column":67}},"3":{"start":{"line":13,"column":0},"end":{"line":13,"column":70}},"4":{"start":{"line":13,"column":11},"end":{"line":13,"column":70}},"5":{"start":{"line":15,"column":15},"end":{"line":22,"column":1}},"6":{"start":{"line":24,"column":0},"end":{"line":24,"column":23}}},"fnMap":{},"branchMap":{"0":{"loc":{"start":{"line":13,"column":0},"end":{"line":13,"column":70}},"type":"if","locations":[{"start":{"line":13,"column":0},"end":{"line":13,"column":70}},{"start":{},"end":{}}],"line":13}},"s":{"0":1,"1":1,"2":1,"3":1,"4":0,"5":1,"6":1},"f":{},"b":{"0":[0,1]},"_coverageSchema":"1a1c01bbd47fc00a2c39e90264f33305004495a9","hash":"6c5136e1cfa4460900301595ec3d6a2fc1b75b57"}
,"C:\\Users\\Lenovo\\Documents\\hapicrud\\library\\mongodb\\index.js": {"path":"C:\\Users\\Lenovo\\Documents\\hapicrud\\library\\mongodb\\index.js","statementMap":{"0":{"start":{"line":2,"column":15},"end":{"line":2,"column":38}},"1":{"start":{"line":3,"column":24},"end":{"line":3,"column":38}},"2":{"start":{"line":6,"column":24},"end":{"line":6,"column":42}},"3":{"start":{"line":8,"column":14},"end":{"line":8,"column":26}},"4":{"start":{"line":12,"column":0},"end":{"line":21,"column":1}},"5":{"start":{"line":13,"column":2},"end":{"line":20,"column":3}},"6":{"start":{"line":14,"column":4},"end":{"line":14,"column":96}},"7":{"start":{"line":15,"column":4},"end":{"line":15,"column":77}},"8":{"start":{"line":16,"column":4},"end":{"line":16,"column":32}},"9":{"start":{"line":18,"column":4},"end":{"line":18,"column":67}},"10":{"start":{"line":19,"column":4},"end":{"line":19,"column":19}},"11":{"start":{"line":27,"column":0},"end":{"line":27,"column":28}},"12":{"start":{"line":27,"column":20},"end":{"line":27,"column":28}},"13":{"start":{"line":30,"column":0},"end":{"line":32,"column":1}},"14":{"start":{"line":31,"column":2},"end":{"line":31,"column":22}}},"fnMap":{"0":{"name":"(anonymous_0)","decl":{"start":{"line":12,"column":18},"end":{"line":12,"column":19}},"loc":{"start":{"line":12,"column":30},"end":{"line":21,"column":1}},"line":12},"1":{"name":"(anonymous_1)","decl":{"start":{"line":27,"column":14},"end":{"line":27,"column":15}},"loc":{"start":{"line":27,"column":20},"end":{"line":27,"column":28}},"line":27},"2":{"name":"(anonymous_2)","decl":{"start":{"line":30,"column":16},"end":{"line":30,"column":17}},"loc":{"start":{"line":30,"column":28},"end":{"line":32,"column":1}},"line":30}},"branchMap":{},"s":{"0":1,"1":1,"2":1,"3":1,"4":1,"5":1,"6":1,"7":1,"8":1,"9":0,"10":0,"11":1,"12":1,"13":1,"14":1},"f":{"0":1,"1":1,"2":1},"b":{},"_coverageSchema":"1a1c01bbd47fc00a2c39e90264f33305004495a9","hash":"801534bd84ff6d70e79acc90fdb7d082d80687ff"}
,"C:\\Users\\Lenovo\\Documents\\hapicrud\\models\\customer\\customer.js": {"path":"C:\\Users\\Lenovo\\Documents\\hapicrud\\models\\customer\\customer.js","statementMap":{"0":{"start":{"line":2,"column":11},"end":{"line":2,"column":43}},"1":{"start":{"line":3,"column":23},"end":{"line":3,"column":33}},"2":{"start":{"line":4,"column":21},"end":{"line":4,"column":39}},"3":{"start":{"line":5,"column":21},"end":{"line":8,"column":1}},"4":{"start":{"line":6,"column":17},"end":{"line":6,"column":74}},"5":{"start":{"line":7,"column":2},"end":{"line":7,"column":15}},"6":{"start":{"line":10,"column":20},"end":{"line":20,"column":1}},"7":{"start":{"line":12,"column":21},"end":{"line":12,"column":62}},"8":{"start":{"line":13,"column":2},"end":{"line":18,"column":3}},"9":{"start":{"line":14,"column":18},"end":{"line":14,"column":39}},"10":{"start":{"line":15,"column":4},"end":{"line":15,"column":47}},"11":{"start":{"line":17,"column":4},"end":{"line":17,"column":51}},"12":{"start":{"line":19,"column":2},"end":{"line":19,"column":18}},"13":{"start":{"line":22,"column":23},"end":{"line":26,"column":1}},"14":{"start":{"line":23,"column":16},"end":{"line":23,"column":37}},"15":{"start":{"line":24,"column":17},"end":{"line":24,"column":75}},"16":{"start":{"line":25,"column":2},"end":{"line":25,"column":15}},"17":{"start":{"line":28,"column":23},"end":{"line":39,"column":1}},"18":{"start":{"line":29,"column":16},"end":{"line":29,"column":37}},"19":{"start":{"line":30,"column":21},"end":{"line":32,"column":3}},"20":{"start":{"line":33,"column":18},"end":{"line":33,"column":35}},"21":{"start":{"line":34,"column":17},"end":{"line":37,"column":42}},"22":{"start":{"line":38,"column":2},"end":{"line":38,"column":15}},"23":{"start":{"line":41,"column":22},"end":{"line":52,"column":1}},"24":{"start":{"line":42,"column":16},"end":{"line":42,"column":25}},"25":{"start":{"line":43,"column":21},"end":{"line":43,"column":36}},"26":{"start":{"line":44,"column":2},"end":{"line":51,"column":3}},"27":{"start":{"line":45,"column":19},"end":{"line":48,"column":33}},"28":{"start":{"line":50,"column":4},"end":{"line":50,"column":17}},"29":{"start":{"line":53,"column":0},"end":{"line":59,"column":1}}},"fnMap":{"0":{"name":"(anonymous_0)","decl":{"start":{"line":5,"column":21},"end":{"line":5,"column":22}},"loc":{"start":{"line":5,"column":37},"end":{"line":8,"column":1}},"line":5},"1":{"name":"(anonymous_1)","decl":{"start":{"line":10,"column":20},"end":{"line":10,"column":21}},"loc":{"start":{"line":10,"column":34},"end":{"line":20,"column":1}},"line":10},"2":{"name":"(anonymous_2)","decl":{"start":{"line":22,"column":23},"end":{"line":22,"column":24}},"loc":{"start":{"line":22,"column":37},"end":{"line":26,"column":1}},"line":22},"3":{"name":"(anonymous_3)","decl":{"start":{"line":28,"column":23},"end":{"line":28,"column":24}},"loc":{"start":{"line":28,"column":43},"end":{"line":39,"column":1}},"line":28},"4":{"name":"(anonymous_4)","decl":{"start":{"line":41,"column":22},"end":{"line":41,"column":23}},"loc":{"start":{"line":41,"column":39},"end":{"line":52,"column":1}},"line":41}},"branchMap":{"0":{"loc":{"start":{"line":13,"column":2},"end":{"line":18,"column":3}},"type":"if","locations":[{"start":{"line":13,"column":2},"end":{"line":18,"column":3}},{"start":{"line":16,"column":9},"end":{"line":18,"column":3}}],"line":13},"1":{"loc":{"start":{"line":44,"column":2},"end":{"line":51,"column":3}},"type":"if","locations":[{"start":{"line":44,"column":2},"end":{"line":51,"column":3}},{"start":{},"end":{}}],"line":44}},"s":{"0":1,"1":1,"2":1,"3":1,"4":1,"5":1,"6":1,"7":0,"8":0,"9":0,"10":0,"11":0,"12":0,"13":1,"14":0,"15":0,"16":0,"17":1,"18":0,"19":0,"20":0,"21":0,"22":0,"23":1,"24":0,"25":0,"26":0,"27":0,"28":0,"29":1},"f":{"0":1,"1":0,"2":0,"3":0,"4":0},"b":{"0":[0,0],"1":[0,0]},"_coverageSchema":"1a1c01bbd47fc00a2c39e90264f33305004495a9","hash":"512af8def3b47eea467c28c264e3a18c061704e5"}
,"C:\\Users\\Lenovo\\Documents\\hapicrud\\models\\customer\\index.js": {"path":"C:\\Users\\Lenovo\\Documents\\hapicrud\\models\\customer\\index.js","statementMap":{"0":{"start":{"line":2,"column":17},"end":{"line":2,"column":38}},"1":{"start":{"line":3,"column":0},"end":{"line":3,"column":25}}},"fnMap":{},"branchMap":{},"s":{"0":1,"1":1},"f":{},"b":{},"_coverageSchema":"1a1c01bbd47fc00a2c39e90264f33305004495a9","hash":"16de543490021464cab8f2abd4de0c9555f73e9c"}
,"C:\\Users\\Lenovo\\Documents\\hapicrud\\test\\stubFolder\\customer.js": {"path":"C:\\Users\\Lenovo\\Documents\\hapicrud\\test\\stubFolder\\customer.js","statementMap":{"0":{"start":{"line":1,"column":0},"end":{"line":1,"column":52}},"1":{"start":{"line":2,"column":13},"end":{"line":2,"column":28}},"2":{"start":{"line":3,"column":19},"end":{"line":3,"column":72}},"3":{"start":{"line":4,"column":32},"end":{"line":4,"column":73}},"4":{"start":{"line":6,"column":0},"end":{"line":6,"column":26}},"5":{"start":{"line":8,"column":28},"end":{"line":8,"column":111}},"6":{"start":{"line":10,"column":12},"end":{"line":18,"column":1}},"7":{"start":{"line":20,"column":20},"end":{"line":32,"column":1}},"8":{"start":{"line":33,"column":20},"end":{"line":44,"column":1}},"9":{"start":{"line":45,"column":20},"end":{"line":56,"column":1}},"10":{"start":{"line":57,"column":20},"end":{"line":68,"column":1}},"11":{"start":{"line":69,"column":0},"end":{"line":69,"column":97}}},"fnMap":{},"branchMap":{},"s":{"0":1,"1":1,"2":1,"3":1,"4":1,"5":1,"6":1,"7":1,"8":1,"9":1,"10":1,"11":1},"f":{},"b":{},"_coverageSchema":"1a1c01bbd47fc00a2c39e90264f33305004495a9","hash":"90a204f14b47dcbfb824b5711e8501599aec5dac"}
,"C:\\Users\\Lenovo\\Documents\\hapicrud\\utils\\logger.js": {"path":"C:\\Users\\Lenovo\\Documents\\hapicrud\\utils\\logger.js","statementMap":{"0":{"start":{"line":3,"column":45},"end":{"line":3,"column":63}},"1":{"start":{"line":5,"column":18},"end":{"line":25,"column":1}},"2":{"start":{"line":12,"column":28},"end":{"line":18,"column":6}},"3":{"start":{"line":19,"column":20},"end":{"line":19,"column":64}},"4":{"start":{"line":20,"column":4},"end":{"line":22,"column":5}},"5":{"start":{"line":21,"column":6},"end":{"line":21,"column":92}},"6":{"start":{"line":23,"column":4},"end":{"line":23,"column":71}},"7":{"start":{"line":27,"column":20},"end":{"line":36,"column":2}},"8":{"start":{"line":38,"column":19},"end":{"line":47,"column":2}},"9":{"start":{"line":48,"column":20},"end":{"line":57,"column":2}},"10":{"start":{"line":59,"column":19},"end":{"line":68,"column":2}},"11":{"start":{"line":69,"column":0},"end":{"line":71,"column":1}}},"fnMap":{"0":{"name":"(anonymous_0)","decl":{"start":{"line":11,"column":16},"end":{"line":11,"column":17}},"loc":{"start":{"line":11,"column":26},"end":{"line":24,"column":3}},"line":11}},"branchMap":{"0":{"loc":{"start":{"line":19,"column":20},"end":{"line":19,"column":64}},"type":"cond-expr","locations":[{"start":{"line":19,"column":35},"end":{"line":19,"column":59}},{"start":{"line":19,"column":62},"end":{"line":19,"column":64}}],"line":19},"1":{"loc":{"start":{"line":20,"column":4},"end":{"line":22,"column":5}},"type":"if","locations":[{"start":{"line":20,"column":4},"end":{"line":22,"column":5}},{"start":{},"end":{}}],"line":20}},"s":{"0":1,"1":1,"2":0,"3":0,"4":0,"5":0,"6":0,"7":1,"8":1,"9":1,"10":1,"11":1},"f":{"0":0},"b":{"0":[0,0],"1":[0,0]},"_coverageSchema":"1a1c01bbd47fc00a2c39e90264f33305004495a9","hash":"441a0845012573910984c9abb74510b271a22b4a"}
,"C:\\Users\\Lenovo\\Documents\\hapicrud\\web\\middleware\\localiztion.js": {"path":"C:\\Users\\Lenovo\\Documents\\hapicrud\\web\\middleware\\localiztion.js","statementMap":{"0":{"start":{"line":1,"column":15},"end":{"line":1,"column":38}},"1":{"start":{"line":2,"column":18},"end":{"line":2,"column":46}},"2":{"start":{"line":3,"column":17},"end":{"line":3,"column":39}},"3":{"start":{"line":5,"column":16},"end":{"line":11,"column":1}},"4":{"start":{"line":13,"column":0},"end":{"line":16,"column":1}}},"fnMap":{},"branchMap":{},"s":{"0":1,"1":1,"2":1,"3":1,"4":1},"f":{},"b":{},"_coverageSchema":"1a1c01bbd47fc00a2c39e90264f33305004495a9","hash":"d2f2292527eb80bca0f67486b5b0a080c14fd5c9"}
,"C:\\Users\\Lenovo\\Documents\\hapicrud\\web\\middleware\\validator\\index.js": {"path":"C:\\Users\\Lenovo\\Documents\\hapicrud\\web\\middleware\\validator\\index.js","statementMap":{"0":{"start":{"line":2,"column":37},"end":{"line":2,"column":69}},"1":{"start":{"line":3,"column":12},"end":{"line":3,"column":26}},"2":{"start":{"line":8,"column":28},"end":{"line":14,"column":12}},"3":{"start":{"line":16,"column":20},"end":{"line":31,"column":1}},"4":{"start":{"line":17,"column":2},"end":{"line":26,"column":3}},"5":{"start":{"line":18,"column":4},"end":{"line":18,"column":52}},"6":{"start":{"line":19,"column":4},"end":{"line":19,"column":52}},"7":{"start":{"line":20,"column":4},"end":{"line":20,"column":48}},"8":{"start":{"line":21,"column":4},"end":{"line":21,"column":53}},"9":{"start":{"line":22,"column":24},"end":{"line":22,"column":38}},"10":{"start":{"line":23,"column":4},"end":{"line":25,"column":27}},"11":{"start":{"line":27,"column":2},"end":{"line":27,"column":42}},"12":{"start":{"line":28,"column":2},"end":{"line":30,"column":25}},"13":{"start":{"line":32,"column":0},"end":{"line":32,"column":53}}},"fnMap":{"0":{"name":"(anonymous_0)","decl":{"start":{"line":16,"column":20},"end":{"line":16,"column":21}},"loc":{"start":{"line":16,"column":37},"end":{"line":31,"column":1}},"line":16}},"branchMap":{"0":{"loc":{"start":{"line":17,"column":2},"end":{"line":26,"column":3}},"type":"if","locations":[{"start":{"line":17,"column":2},"end":{"line":26,"column":3}},{"start":{},"end":{}}],"line":17},"1":{"loc":{"start":{"line":17,"column":6},"end":{"line":17,"column":45}},"type":"binary-expr","locations":[{"start":{"line":17,"column":6},"end":{"line":17,"column":15}},{"start":{"line":17,"column":19},"end":{"line":17,"column":45}}],"line":17}},"s":{"0":1,"1":1,"2":1,"3":1,"4":0,"5":0,"6":0,"7":0,"8":0,"9":0,"10":0,"11":0,"12":0,"13":1},"f":{"0":0},"b":{"0":[0,0],"1":[0,0]},"_coverageSchema":"1a1c01bbd47fc00a2c39e90264f33305004495a9","hash":"92722f296a58644775266fb7d63ac341458b549e"}
,"C:\\Users\\Lenovo\\Documents\\hapicrud\\web\\router\\customers\\sign_up.js": {"path":"C:\\Users\\Lenovo\\Documents\\hapicrud\\web\\router\\customers\\sign_up.js","statementMap":{"0":{"start":{"line":5,"column":12},"end":{"line":5,"column":26}},"1":{"start":{"line":6,"column":15},"end":{"line":6,"column":32}},"2":{"start":{"line":12,"column":17},"end":{"line":12,"column":52}},"3":{"start":{"line":13,"column":19},"end":{"line":13,"column":21}},"4":{"start":{"line":15,"column":16},"end":{"line":47,"column":1}},"5":{"start":{"line":16,"column":2},"end":{"line":46,"column":3}},"6":{"start":{"line":17,"column":4},"end":{"line":19,"column":5}},"7":{"start":{"line":18,"column":6},"end":{"line":18,"column":73}},"8":{"start":{"line":20,"column":4},"end":{"line":22,"column":5}},"9":{"start":{"line":21,"column":6},"end":{"line":21,"column":73}},"10":{"start":{"line":23,"column":4},"end":{"line":25,"column":5}},"11":{"start":{"line":24,"column":6},"end":{"line":24,"column":73}},"12":{"start":{"line":26,"column":4},"end":{"line":26,"column":78}},"13":{"start":{"line":27,"column":23},"end":{"line":40,"column":5}},"14":{"start":{"line":41,"column":4},"end":{"line":41,"column":43}},"15":{"start":{"line":42,"column":4},"end":{"line":42,"column":71}},"16":{"start":{"line":45,"column":4},"end":{"line":45,"column":71}},"17":{"start":{"line":49,"column":25},"end":{"line":99,"column":28}},"18":{"start":{"line":101,"column":0},"end":{"line":101,"column":46}}},"fnMap":{"0":{"name":"(anonymous_0)","decl":{"start":{"line":15,"column":16},"end":{"line":15,"column":17}},"loc":{"start":{"line":15,"column":34},"end":{"line":47,"column":1}},"line":15}},"branchMap":{"0":{"loc":{"start":{"line":16,"column":2},"end":{"line":46,"column":3}},"type":"if","locations":[{"start":{"line":16,"column":2},"end":{"line":46,"column":3}},{"start":{"line":44,"column":9},"end":{"line":46,"column":3}}],"line":16},"1":{"loc":{"start":{"line":17,"column":4},"end":{"line":19,"column":5}},"type":"if","locations":[{"start":{"line":17,"column":4},"end":{"line":19,"column":5}},{"start":{},"end":{}}],"line":17},"2":{"loc":{"start":{"line":17,"column":8},"end":{"line":17,"column":75}},"type":"binary-expr","locations":[{"start":{"line":17,"column":8},"end":{"line":17,"column":37}},{"start":{"line":17,"column":41},"end":{"line":17,"column":75}}],"line":17},"3":{"loc":{"start":{"line":20,"column":4},"end":{"line":22,"column":5}},"type":"if","locations":[{"start":{"line":20,"column":4},"end":{"line":22,"column":5}},{"start":{},"end":{}}],"line":20},"4":{"loc":{"start":{"line":20,"column":8},"end":{"line":20,"column":69}},"type":"binary-expr","locations":[{"start":{"line":20,"column":8},"end":{"line":20,"column":34}},{"start":{"line":20,"column":38},"end":{"line":20,"column":69}}],"line":20},"5":{"loc":{"start":{"line":23,"column":4},"end":{"line":25,"column":5}},"type":"if","locations":[{"start":{"line":23,"column":4},"end":{"line":25,"column":5}},{"start":{},"end":{}}],"line":23},"6":{"loc":{"start":{"line":23,"column":8},"end":{"line":23,"column":75}},"type":"binary-expr","locations":[{"start":{"line":23,"column":8},"end":{"line":23,"column":37}},{"start":{"line":23,"column":41},"end":{"line":23,"column":75}}],"line":23},"7":{"loc":{"start":{"line":28,"column":16},"end":{"line":28,"column":64}},"type":"cond-expr","locations":[{"start":{"line":28,"column":39},"end":{"line":28,"column":59}},{"start":{"line":28,"column":62},"end":{"line":28,"column":64}}],"line":28},"8":{"loc":{"start":{"line":29,"column":17},"end":{"line":29,"column":67}},"type":"cond-expr","locations":[{"start":{"line":29,"column":41},"end":{"line":29,"column":62}},{"start":{"line":29,"column":65},"end":{"line":29,"column":67}}],"line":29},"9":{"loc":{"start":{"line":30,"column":13},"end":{"line":30,"column":55}},"type":"cond-expr","locations":[{"start":{"line":30,"column":33},"end":{"line":30,"column":50}},{"start":{"line":30,"column":53},"end":{"line":30,"column":55}}],"line":30},"10":{"loc":{"start":{"line":31,"column":14},"end":{"line":31,"column":58}},"type":"cond-expr","locations":[{"start":{"line":31,"column":35},"end":{"line":31,"column":53}},{"start":{"line":31,"column":56},"end":{"line":31,"column":58}}],"line":31},"11":{"loc":{"start":{"line":35,"column":12},"end":{"line":35,"column":52}},"type":"cond-expr","locations":[{"start":{"line":35,"column":31},"end":{"line":35,"column":47}},{"start":{"line":35,"column":50},"end":{"line":35,"column":52}}],"line":35},"12":{"loc":{"start":{"line":36,"column":13},"end":{"line":36,"column":55}},"type":"cond-expr","locations":[{"start":{"line":36,"column":33},"end":{"line":36,"column":50}},{"start":{"line":36,"column":53},"end":{"line":36,"column":55}}],"line":36},"13":{"loc":{"start":{"line":38,"column":19},"end":{"line":38,"column":73}},"type":"cond-expr","locations":[{"start":{"line":38,"column":45},"end":{"line":38,"column":68}},{"start":{"line":38,"column":71},"end":{"line":38,"column":73}}],"line":38}},"s":{"0":1,"1":1,"2":1,"3":1,"4":1,"5":2,"6":2,"7":1,"8":1,"9":0,"10":1,"11":0,"12":1,"13":1,"14":1,"15":1,"16":0,"17":1,"18":1},"f":{"0":2},"b":{"0":[2,0],"1":[1,1],"2":[2,2],"3":[0,1],"4":[1,1],"5":[0,1],"6":[1,1],"7":[1,0],"8":[1,0],"9":[1,0],"10":[1,0],"11":[1,0],"12":[1,0],"13":[1,0]},"_coverageSchema":"1a1c01bbd47fc00a2c39e90264f33305004495a9","hash":"64c0d30d706704ef3c42c07ef1c46d1e74220a3c"}
}
